#
# A fatal error has been detected by the Java Runtime Environment:
#
#  EXCEPTION_ACCESS_VIOLATION (0xc0000005) at pc=0x00007ffaae46fa2a, pid=8716, tid=13960
#
# JRE version: OpenJDK Runtime Environment Temurin-17.0.4.1+1 (17.0.4.1+1) (build 17.0.4.1+1)
# Java VM: OpenJDK 64-Bit Server VM Temurin-17.0.4.1+1 (17.0.4.1+1, mixed mode, emulated-client, tiered, compressed oops, compressed class ptrs, g1 gc, windows-amd64)
# Problematic frame:
# V  [jvm.dll+0x79fa2a]
#
# No core dump will be written. Minidumps are not enabled by default on client versions of Windows
#
# If you would like to submit a bug report, please visit:
#   https://github.com/adoptium/adoptium-support/issues
#

---------------  S U M M A R Y ------------

Command Line: -XX:+ShowCodeDetailsInExceptionMessages -agentlib:jdwp=transport=dt_socket,suspend=y,address=localhost:55280 -Dcom.sun.management.jmxremote -Dcom.sun.management.jmxremote.port=55279 -Dcom.sun.management.jmxremote.authenticate=false -Dcom.sun.management.jmxremote.ssl=false -Djava.rmi.server.hostname=localhost -Dspring.jmx.enabled=true -Dspring.application.admin.enabled=true -XX:TieredStopAtLevel=1 -Dspring.boot.project.name=coletas -javaagent:C:\Users\mathe\OneDrive\Documentos\sts-4.16.1.RELEASE\configuration\org.eclipse.osgi\268\0\.cp\lib\javaagent-shaded.jar -Dfile.encoding=UTF-8 com.coletas.coletas.ColetasApplication --spring.output.ansi.enabled=always

Host: AMD FX(tm)-6300 Six-Core Processor             , 6 cores, 15G,  Windows 10 , 64 bit Build 19041 (10.0.19041.5438)
Time: Mon Feb 17 12:16:21 2025 Hora oficial do Brasil elapsed time: 148.506884 seconds (0d 0h 2m 28s)

---------------  T H R E A D  ---------------

Current thread (0x0000027aeba871c0):  JavaThread "JDWP Transport Listener: dt_socket" daemon [_thread_in_vm, id=13960, stack(0x000000a2bc500000,0x000000a2bc600000)]

Stack: [0x000000a2bc500000,0x000000a2bc600000],  sp=0x000000a2bc5ff6d0,  free space=1021k
Native frames: (J=compiled Java code, j=interpreted, Vv=VM code, C=native code)
V  [jvm.dll+0x79fa2a]
V  [jvm.dll+0x50965c]
V  [jvm.dll+0x4d0cc4]
C  [jdwp.dll+0x22f7b]


siginfo: EXCEPTION_ACCESS_VIOLATION (0xc0000005), reading address 0x000000000008000b


Register to memory mapping:

RIP=0x00007ffaae46fa2a jvm.dll
RAX=0x000000000000005e is an unknown value
RBX=0x0000027aeb88df3b points into unknown readable memory: 3b 00 66 6c 65
RCX=0x0000000000080007 is an unknown value
RDX=0x0000027aec7f3080 points into unknown readable memory: 0x6c6f632f6d6f634c | 4c 63 6f 6d 2f 63 6f 6c
RSP=0x000000a2bc5ff6d0 is pointing into the stack for thread: 0x0000027aeba871c0
RBP=0x0000027aeba7b0b0 points into unknown readable memory: 0x0000000000000002 | 02 00 00 00 00 00 00 00
RSI=0x0 is NULL
RDI=0xffffffffffffffff is an unknown value
R8 =0x0000000000000464 is an unknown value
R9 =0x0000000000000040 is an unknown value
R10=0x0000000000000440 is an unknown value
R11=0x000000a2bc5ff6f0 is pointing into the stack for thread: 0x0000027aeba871c0
R12=0x000000a2bc5ff828 is pointing into the stack for thread: 0x0000027aeba871c0
R13=0x0 is NULL
R14=0x00000008003b4ac8 is a pointer to class: 
com.coletas.coletas.service.impl.SucurityUserServiceImpl {0x00000008003b4ad0}
 - instance size:     3
 - klass size:        84
 - access:            public synchronized 
 - state:             fully_initialized
 - name:              'com/coletas/coletas/service/impl/SucurityUserServiceImpl'
 - super:             'com/coletas/coletas/service/impl/BaseServiceImpl'
 - sub:               'com/coletas/coletas/service/impl/SucurityUserServiceImpl$$SpringCGLIB$$0'   
 - arrays:            NULL
 - methods:           Array<T>(0x0000027af372d470)
 - method ordering:   Array<T>(0x0000027af372d818)
 - default_methods:   Array<T>(0x0000000000000000)
 - local interfaces:  Array<T>(0x0000027aeee8c908)
 - trans. interfaces: Array<T>(0x0000027aeee8dd30)
 - constants:         constant pool [124] {0x0000027af372e0d8} for 'com/coletas/coletas/service/impl/SucurityUserServiceImpl' cache=0x0000027af372e578
 - class loader data:  loader data: 0x0000027aeba15f70 for instance a 'jdk/internal/loader/ClassLoaders$AppClassLoader'{0x00000007006f7d00}
 - source file:       'SucurityUserServiceImpl.java'
 - source debug extension:       SMAP
SucurityUserServiceImpl.java
Java
*S jdt
*F
1 SucurityUserServiceImpl.java
2 file:/D:/projetos/projeto_coletas/backend/target/classes/
*L
*E

 - class annotations:       Array<T>(0x0000027af372d7d0)
 - class type annotations:  Array<T>(0x0000000000000000)
 - field annotations:       Array<T>(0x0000000000000000)
 - field type annotations:  Array<T>(0x0000000000000000)
 - generic signature: '
[error occurred during error reporting (printing register info), id 0xc0000005, EXCEPTION_ACCESS_VIOLATION (0xc0000005) at pc=0x00007ffaae470636]

Registers:
RAX=0x000000000000005e, RBX=0x0000027aeb88df3b, RCX=0x0000000000080007, RDX=0x0000027aec7f3080
RSP=0x000000a2bc5ff6d0, RBP=0x0000027aeba7b0b0, RSI=0x0000000000000000, RDI=0xffffffffffffffff
R8 =0x0000000000000464, R9 =0x0000000000000040, R10=0x0000000000000440, R11=0x000000a2bc5ff6f0
R12=0x000000a2bc5ff828, R13=0x0000000000000000, R14=0x00000008003b4ac8, R15=0x000000a2bc5ff878
RIP=0x00007ffaae46fa2a, EFLAGS=0x0000000000010202

Top of Stack: (sp=0x000000a2bc5ff6d0)
0x000000a2bc5ff6d0:   0000000000000038 00000008003b4ac8
0x000000a2bc5ff6e0:   0000027aeba871c0 0000000000000000
0x000000a2bc5ff6f0:   ffffffffffffffff 00007ffaae1d965c
0x000000a2bc5ff700:   0000027aeb88df3b 0000027aeb88df00
0x000000a2bc5ff710:   0000027aeba7b0b0 0000027aefcd19b0
0x000000a2bc5ff720:   0000027aeb88deb0 00000000000003d8
0x000000a2bc5ff730:   0000027aeb88dec0 0000027aeb88e298
0x000000a2bc5ff740:   0000000000000002 000000a2bc5ff828
0x000000a2bc5ff750:   0000000000000000 0000000000000000
0x000000a2bc5ff760:   0000000700b7ab10 00007ffaae1a0cc4
0x000000a2bc5ff770:   0000027aeba871c0 000000a2bc5ff878
0x000000a2bc5ff780:   0000027ad67746f0 000000a2bc5ff878
0x000000a2bc5ff790:   0000027aeba871c0 0000000000000000
0x000000a2bc5ff7a0:   0000027a00000000 0000000000000000
0x000000a2bc5ff7b0:   000000000000000d 00007ffb318f2f7b
0x000000a2bc5ff7c0:   000000a2bc5ff870 00007ffb31901600 

Instructions: (pc=0x00007ffaae46fa2a)
0x00007ffaae46f92a:   48 83 c4 20 5f e9 bc 69 90 ff cc cc cc cc cc cc
0x00007ffaae46f93a:   cc cc cc cc cc cc 48 89 5c 24 08 57 48 83 ec 20
0x00007ffaae46f94a:   83 fa 02 8d 42 06 b9 08 00 00 00 49 8b d8 0f 4e
0x00007ffaae46f95a:   c1 48 63 c8 48 83 c1 07 83 e1 f8 48 63 f9 49 8b
0x00007ffaae46f96a:   48 18 48 8b c7 48 f7 d0 48 3b c1 73 16 4c 8d 05
0x00007ffaae46f97a:   ba 58 17 00 48 8b d7 48 8b cb e8 c7 cc 90 ff 48
0x00007ffaae46f98a:   8b 4b 18 48 8d 04 39 48 3b 43 20 76 18 45 33 c0
0x00007ffaae46f99a:   48 8b d7 48 8b cb 48 8b 5c 24 30 48 83 c4 20 5f
0x00007ffaae46f9aa:   e9 21 c9 90 ff 48 89 43 18 48 8b c1 48 8b 5c 24
0x00007ffaae46f9ba:   30 48 83 c4 20 5f c3 cc cc cc cc cc cc cc cc cc
0x00007ffaae46f9ca:   cc cc cc cc cc cc 4c 8b d2 4c 8b d9 45 85 c0 7e
0x00007ffaae46f9da:   3c 44 0f b7 49 04 41 8d 40 ff 41 3b c1 44 0f 4c
0x00007ffaae46f9ea:   c8 4d 63 c1 45 85 c9 7e 1f 48 8b c2 4c 2b da 49
0x00007ffaae46f9fa:   8b d0 0f 1f 40 00 41 0f b6 4c 03 06 88 08 48 8d
0x00007ffaae46fa0a:   40 01 48 83 ea 01 75 ee 43 c6 04 10 00 49 8b c2
0x00007ffaae46fa1a:   c3 cc cc cc cc cc 48 89 5c 24 08 57 48 83 ec 20
0x00007ffaae46fa2a:   0f b7 59 04 48 8b f9 33 d2 48 8d 4b 01 e8 f4 d9
0x00007ffaae46fa3a:   f2 ff 0f b7 57 04 4c 8b c0 3b da 0f 42 d3 44 8b
0x00007ffaae46fa4a:   ca 85 d2 74 39 48 2b f8 0f 1f 40 00 66 66 0f 1f
0x00007ffaae46fa5a:   84 00 00 00 00 00 0f b6 4c 07 06 88 08 48 ff c0
0x00007ffaae46fa6a:   48 8b c8 49 2b c8 49 3b c9 7c eb 42 c6 04 02 00
0x00007ffaae46fa7a:   49 8b c0 48 8b 5c 24 30 48 83 c4 20 5f c3 48 8b
0x00007ffaae46fa8a:   5c 24 30 c6 04 02 00 48 83 c4 20 5f c3 cc cc cc
0x00007ffaae46fa9a:   cc cc cc cc cc cc 4c 8b d1 45 85 c0 7e 6c 44 0f
0x00007ffaae46faaa:   b7 49 04 41 8d 40 ff 41 3b c1 44 0f 4c c8 4d 63
0x00007ffaae46faba:   d9 45 85 c9 7e 22 48 8b ca 4c 2b d2 4d 8b c3 0f
0x00007ffaae46faca:   1f 80 00 00 00 00 41 0f b6 44 0a 06 88 01 48 8d
0x00007ffaae46fada:   49 01 49 83 e8 01 75 ee 41 c6 04 13 00 48 c7 c0
0x00007ffaae46faea:   ff ff ff ff 66 90 48 ff c0 80 3c 02 00 75 f7 48
0x00007ffaae46fafa:   63 c8 85 c0 48 8b c2 7e 14 80 38 2f 75 03 c6 00
0x00007ffaae46fb0a:   2e 48 ff c0 48 83 e9 01 75 ef 48 8b c2 c3 cc cc
0x00007ffaae46fb1a:   cc cc cc cc cc cc 48 83 ec 28 e8 f7 fe ff ff 4c 


Stack slot to memory mapping:
stack at sp + 0 slots: 0x0000000000000038 is an unknown value
stack at sp + 1 slots: 0x00000008003b4ac8 is a pointer to class: 
com.coletas.coletas.service.impl.SucurityUserServiceImpl {0x00000008003b4ad0}
 - instance size:     3
 - klass size:        84
 - access:            public synchronized 
 - state:             fully_initialized
 - name:              'com/coletas/coletas/service/impl/SucurityUserServiceImpl'
 - super:             'com/coletas/coletas/service/impl/BaseServiceImpl'
 - sub:               'com/coletas/coletas/service/impl/SucurityUserServiceImpl$$SpringCGLIB$$0'   
 - arrays:            NULL
 - methods:           Array<T>(0x0000027af372d470)
 - method ordering:   Array<T>(0x0000027af372d818)
 - default_methods:   Array<T>(0x0000000000000000)
 - local interfaces:  Array<T>(0x0000027aeee8c908)
 - trans. interfaces: Array<T>(0x0000027aeee8dd30)
 - constants:         constant pool [124] {0x0000027af372e0d8} for 'com/coletas/coletas/service/impl/SucurityUserServiceImpl' cache=0x0000027af372e578
 - class loader data:  loader data: 0x0000027aeba15f70 for instance a 'jdk/internal/loader/ClassLoaders$AppClassLoader'{0x00000007006f7d00}
 - source file:       'SucurityUserServiceImpl.java'
 - source debug extension:       SMAP
SucurityUserServiceImpl.java
Java
*S jdt
*F
1 SucurityUserServiceImpl.java
2 file:/D:/projetos/projeto_coletas/backend/target/classes/
*L
*E

 - class annotations:       Array<T>(0x0000027af372d7d0)
 - class type annotations:  Array<T>(0x0000000000000000)
 - field annotations:       Array<T>(0x0000000000000000)
 - field type annotations:  Array<T>(0x0000000000000000)
 - generic signature: '
[error occurred during error reporting (inspecting top of stack), id 0xc0000005, EXCEPTION_ACCESS_VIOLATION (0xc0000005) at pc=0x00007ffaae470636]


---------------  P R O C E S S  ---------------

Threads class SMR info:
_java_thread_list=0x0000027af02e3a00, length=37, elements={
0x0000027aeb8248d0, 0x0000027aeb861020, 0x0000027aeb8796d0, 0x0000027aeb879ba0,
0x0000027aeb88bd10, 0x0000027aeb88c5e0, 0x0000027aeb893fc0, 0x0000027aeb8944d0,
0x0000027aeb92a7b0, 0x0000027aeba871c0, 0x0000027aeba88060, 0x0000027aeba88740,
0x0000027aec386fe0, 0x0000027aec534f10, 0x0000027aec5478b0, 0x0000027aec570a70,
0x0000027aec5f9160, 0x0000027aec6185d0, 0x0000027aec71ab70, 0x0000027aed805960,
0x0000027aed8067d0, 0x0000027aed804fc0, 0x0000027aed807170, 0x0000027aed806ca0,
0x0000027aed805490, 0x0000027aed805e30, 0x0000027aed806300, 0x0000027aed807640,
0x0000027aed807b10, 0x0000027af00db0a0, 0x0000027af00d5a00, 0x0000027af00d8080,
0x0000027af00d8ef0, 0x0000027af00dabd0, 0x0000027af00d5060, 0x0000027af00d9890,
0x0000027af00d9d60
}

Java Threads: ( => current thread )
  0x0000027aeb8248d0 JavaThread "Reference Handler" daemon [_thread_blocked, id=8540, stack(0x000000a2bba00000,0x000000a2bbb00000)]
  0x0000027aeb861020 JavaThread "Finalizer" daemon [_thread_blocked, id=7556, stack(0x000000a2bbb00000,0x000000a2bbc00000)]
  0x0000027aeb8796d0 JavaThread "Signal Dispatcher" daemon [_thread_blocked, id=6276, stack(0x000000a2bbc00000,0x000000a2bbd00000)]
  0x0000027aeb879ba0 JavaThread "Attach Listener" daemon [_thread_blocked, id=7996, stack(0x000000a2bbd00000,0x000000a2bbe00000)]
  0x0000027aeb88bd10 JavaThread "Service Thread" daemon [_thread_blocked, id=12004, stack(0x000000a2bbe00000,0x000000a2bbf00000)]
  0x0000027aeb88c5e0 JavaThread "Monitor Deflation Thread" daemon [_thread_blocked, id=3992, stack(0x000000a2bbf00000,0x000000a2bc000000)]
  0x0000027aeb893fc0 JavaThread "C1 CompilerThread0" daemon [_thread_blocked, id=5784, stack(0x000000a2bc000000,0x000000a2bc100000)]
  0x0000027aeb8944d0 JavaThread "Sweeper thread" daemon [_thread_blocked, id=11780, stack(0x000000a2bc100000,0x000000a2bc200000)]
  0x0000027aeb92a7b0 JavaThread "Common-Cleaner" daemon [_thread_blocked, id=12444, stack(0x000000a2bc200000,0x000000a2bc300000)]
=>0x0000027aeba871c0 JavaThread "JDWP Transport Listener: dt_socket" daemon [_thread_in_vm, id=13960, stack(0x000000a2bc500000,0x000000a2bc600000)]
  0x0000027aeba88060 JavaThread "JDWP Event Helper Thread" daemon [_thread_blocked, id=3448, stack(0x000000a2bc600000,0x000000a2bc700000)]
  0x0000027aeba88740 JavaThread "JDWP Command Reader" daemon [_thread_in_native, id=7540, stack(0x000000a2bc700000,0x000000a2bc800000)]
  0x0000027aec386fe0 JavaThread "Notification Thread" daemon [_thread_blocked, id=13884, stack(0x000000a2bc800000,0x000000a2bc900000)]
  0x0000027aec534f10 JavaThread "RMI TCP Accept-0" daemon [_thread_in_native, id=13360, stack(0x000000a2bc900000,0x000000a2bca00000)]
  0x0000027aec5478b0 JavaThread "RMI TCP Accept-55279" daemon [_thread_in_native, id=13224, stack(0x000000a2bca00000,0x000000a2bcb00000)]
  0x0000027aec570a70 JavaThread "RMI TCP Accept-0" daemon [_thread_in_native, id=14332, stack(0x000000a2bcb00000,0x000000a2bcc00000)]
  0x0000027aec5f9160 JavaThread "RMI Scheduler(0)" daemon [_thread_blocked, id=5484, stack(0x000000a2bd500000,0x000000a2bd600000)]
  0x0000027aec6185d0 JavaThread "RMI TCP Connection(idle)" daemon [_thread_blocked, id=8116, stack(0x000000a2bd600000,0x000000a2bd700000)]
  0x0000027aec71ab70 JavaThread "JMX server connection timeout 24" daemon [_thread_blocked, id=10044, stack(0x000000a2bd700000,0x000000a2bd800000)]
  0x0000027aed805960 JavaThread "Catalina-utility-1" [_thread_blocked, id=14896, stack(0x000000a2bd900000,0x000000a2bda00000)]
  0x0000027aed8067d0 JavaThread "Catalina-utility-2" [_thread_blocked, id=7864, stack(0x000000a2bda00000,0x000000a2bdb00000)]
  0x0000027aed804fc0 JavaThread "container-0" [_thread_blocked, id=10260, stack(0x000000a2bdb00000,0x000000a2bdc00000)]
  0x0000027aed807170 JavaThread "PostgreSQL-JDBC-Cleaner" daemon [_thread_blocked, id=14760, stack(0x000000a2bdd00000,0x000000a2bde00000)]
  0x0000027aed806ca0 JavaThread "HikariPool-1 housekeeper" daemon [_thread_blocked, id=10656, stack(0x000000a2bde00000,0x000000a2bdf00000)]
  0x0000027aed805490 JavaThread "http-nio-8080-exec-1" daemon [_thread_blocked, id=5196, stack(0x000000a2be000000,0x000000a2be100000)]
  0x0000027aed805e30 JavaThread "http-nio-8080-exec-2" daemon [_thread_blocked, id=12128, stack(0x000000a2be100000,0x000000a2be200000)]
  0x0000027aed806300 JavaThread "http-nio-8080-exec-3" daemon [_thread_blocked, id=14716, stack(0x000000a2be200000,0x000000a2be300000)]
  0x0000027aed807640 JavaThread "http-nio-8080-exec-4" daemon [_thread_blocked, id=11208, stack(0x000000a2be300000,0x000000a2be400000)]
  0x0000027aed807b10 JavaThread "http-nio-8080-exec-5" daemon [_thread_blocked, id=14104, stack(0x000000a2be400000,0x000000a2be500000)]
  0x0000027af00db0a0 JavaThread "http-nio-8080-exec-6" daemon [_thread_blocked, id=11840, stack(0x000000a2be500000,0x000000a2be600000)]
  0x0000027af00d5a00 JavaThread "http-nio-8080-exec-7" daemon [_thread_blocked, id=11148, stack(0x000000a2be600000,0x000000a2be700000)]
  0x0000027af00d8080 JavaThread "http-nio-8080-exec-8" daemon [_thread_blocked, id=5084, stack(0x000000a2be700000,0x000000a2be800000)]
  0x0000027af00d8ef0 JavaThread "http-nio-8080-exec-9" daemon [_thread_blocked, id=10984, stack(0x000000a2be800000,0x000000a2be900000)]
  0x0000027af00dabd0 JavaThread "http-nio-8080-exec-10" daemon [_thread_blocked, id=11648, stack(0x000000a2be900000,0x000000a2bea00000)]
  0x0000027af00d5060 JavaThread "http-nio-8080-Poller" daemon [_thread_in_native, id=3536, stack(0x000000a2bea00000,0x000000a2beb00000)]
  0x0000027af00d9890 JavaThread "http-nio-8080-Acceptor" daemon [_thread_in_native, id=5804, stack(0x000000a2beb00000,0x000000a2bec00000)]
  0x0000027af00d9d60 JavaThread "DestroyJavaVM" [_thread_blocked, id=1964, stack(0x000000a2bb300000,0x000000a2bb400000)]

Other Threads:
  0x0000027aeb81cda0 VMThread "VM Thread" [stack: 0x000000a2bb900000,0x000000a2bba00000] [id=2072]
  0x0000027ad89038f0 WatcherThread [stack: 0x000000a2bcc00000,0x000000a2bcd00000] [id=2996]
  0x0000027ad88eac10 GCTaskThread "GC Thread#0" [stack: 0x000000a2bb400000,0x000000a2bb500000] [id=7844]
  0x0000027aec598020 GCTaskThread "GC Thread#1" [stack: 0x000000a2bcd00000,0x000000a2bce00000] [id=2000]
  0x0000027aec5982d0 GCTaskThread "GC Thread#2" [stack: 0x000000a2bce00000,0x000000a2bcf00000] [id=10904]
  0x0000027aec598580 GCTaskThread "GC Thread#3" [stack: 0x000000a2bcf00000,0x000000a2bd000000] [id=10944]
  0x0000027aec59a840 GCTaskThread "GC Thread#4" [stack: 0x000000a2bd000000,0x000000a2bd100000] [id=12256]
  0x0000027aec59cb00 GCTaskThread "GC Thread#5" [stack: 0x000000a2bd100000,0x000000a2bd200000] [id=10616]
  0x0000027ad88fc1c0 ConcurrentGCThread "G1 Main Marker" [stack: 0x000000a2bb500000,0x000000a2bb600000] [id=7412]
  0x0000027ad88fcae0 ConcurrentGCThread "G1 Conc#0" [stack: 0x000000a2bb600000,0x000000a2bb700000] [id=4080]
  0x0000027aed83acb0 ConcurrentGCThread "G1 Conc#1" [stack: 0x000000a2bd800000,0x000000a2bd900000] [id=384]
  0x0000027ad893d5f0 ConcurrentGCThread "G1 Refine#0" [stack: 0x000000a2bb700000,0x000000a2bb800000] [id=388]
  0x0000027aec5a9350 ConcurrentGCThread "G1 Refine#1" [stack: 0x000000a2bd200000,0x000000a2bd300000] [id=3708]
  0x0000027aeba8b4f0 ConcurrentGCThread "G1 Refine#2" [stack: 0x000000a2bd300000,0x000000a2bd400000] [id=8124]
  0x0000027aeae003a0 ConcurrentGCThread "G1 Service" [stack: 0x000000a2bb800000,0x000000a2bb900000] [id=8264]

Threads with active compile tasks:

VM state: not at safepoint (normal execution)

VM Mutex/Monitor currently owned by a thread: None

Heap address: 0x0000000700400000, size: 4092 MB, Compressed Oops mode: Zero based, Oop shift amount: 3

CDS archive(s) not mapped
Compressed class space mapped at: 0x0000000800000000-0x0000000840000000, reserved size: 1073741824
Narrow klass base: 0x0000000800000000, Narrow klass shift: 0, Narrow klass range: 0x40000000

GC Precious Log:
 CPUs: 6 total, 6 available
 Memory: 16366M
 Large Page Support: Disabled
 NUMA Support: Disabled
 Compressed Oops: Enabled (Zero based)
 Heap Region Size: 2M
 Heap Min Capacity: 8M
 Heap Initial Capacity: 256M
 Heap Max Capacity: 4092M
 Pre-touch: Disabled
 Parallel Workers: 6
 Concurrent Workers: 2
 Concurrent Refinement Workers: 6
 Periodic GC: Disabled

Heap:
 garbage-first heap   total 114688K, used 68454K [0x0000000700400000, 0x0000000800000000)
  region size 2048K, 24 young (49152K), 5 survivors (10240K)
 Metaspace       used 79415K, committed 80000K, reserved 1122304K
  class space    used 10905K, committed 11200K, reserved 1048576K

Heap Regions: E=young(eden), S=young(survivor), O=old, HS=humongous(starts), HC=humongous(continues), CS=collection set, F=free, OA=open archive, CA=closed archive, TAMS=top-at-mark-start (previous, next)
|   0|0x0000000700400000, 0x0000000700600000, 0x0000000700600000|100%| O|  |TAMS 0x0000000700600000, 0x0000000700400000| Untracked 
|   1|0x0000000700600000, 0x0000000700800000, 0x0000000700800000|100%| O|  |TAMS 0x0000000700800000, 0x0000000700600000| Untracked 
|   2|0x0000000700800000, 0x0000000700a00000, 0x0000000700a00000|100%| O|  |TAMS 0x0000000700a00000, 0x0000000700800000| Untracked 
|   3|0x0000000700a00000, 0x0000000700c00000, 0x0000000700c00000|100%| O|  |TAMS 0x0000000700c00000, 0x0000000700a00000| Untracked 
|   4|0x0000000700c00000, 0x0000000700e00000, 0x0000000700e00000|100%| O|  |TAMS 0x0000000700e00000, 0x0000000700c00000| Untracked 
|   5|0x0000000700e00000, 0x0000000701000000, 0x0000000701000000|100%| O|  |TAMS 0x0000000700e00000, 0x0000000700e00000| Untracked 
|   6|0x0000000701000000, 0x0000000701200000, 0x0000000701200000|100%| O|  |TAMS 0x0000000701200000, 0x0000000701000000| Untracked 
|   7|0x0000000701200000, 0x0000000701400000, 0x0000000701400000|100%| O|  |TAMS 0x0000000701400000, 0x0000000701200000| Untracked 
|   8|0x0000000701400000, 0x0000000701600000, 0x0000000701600000|100%| O|  |TAMS 0x0000000701600000, 0x0000000701400000| Untracked 
|   9|0x0000000701600000, 0x0000000701600000, 0x0000000701800000|  0%| F|  |TAMS 0x0000000701600000, 0x0000000701600000| Untracked 
|  10|0x0000000701800000, 0x0000000701a00000, 0x0000000701a00000|100%| O|  |TAMS 0x0000000701800000, 0x0000000701800000| Untracked 
|  11|0x0000000701a00000, 0x0000000701c00000, 0x0000000701c00000|100%| O|  |TAMS 0x0000000701a00000, 0x0000000701a00000| Untracked 
|  12|0x0000000701c00000, 0x0000000701c0d000, 0x0000000701e00000|  2%| O|  |TAMS 0x0000000701c00000, 0x0000000701c00000| Untracked 
|  13|0x0000000701e00000, 0x0000000701e00000, 0x0000000702000000|  0%| F|  |TAMS 0x0000000701e00000, 0x0000000701e00000| Untracked 
|  14|0x0000000702000000, 0x0000000702000000, 0x0000000702200000|  0%| F|  |TAMS 0x0000000702000000, 0x0000000702000000| Untracked 
|  15|0x0000000702200000, 0x0000000702200000, 0x0000000702400000|  0%| F|  |TAMS 0x0000000702200000, 0x0000000702200000| Untracked 
|  16|0x0000000702400000, 0x0000000702400000, 0x0000000702600000|  0%| F|  |TAMS 0x0000000702400000, 0x0000000702400000| Untracked 
|  17|0x0000000702600000, 0x0000000702600000, 0x0000000702800000|  0%| F|  |TAMS 0x0000000702600000, 0x0000000702600000| Untracked 
|  18|0x0000000702800000, 0x00000007028ccad8, 0x0000000702a00000| 39%| S|CS|TAMS 0x0000000702800000, 0x0000000702800000| Complete 
|  19|0x0000000702a00000, 0x0000000702c00000, 0x0000000702c00000|100%| S|CS|TAMS 0x0000000702a00000, 0x0000000702a00000| Complete 
|  20|0x0000000702c00000, 0x0000000702e00000, 0x0000000702e00000|100%| S|CS|TAMS 0x0000000702c00000, 0x0000000702c00000| Complete 
|  21|0x0000000702e00000, 0x0000000703000000, 0x0000000703000000|100%| S|CS|TAMS 0x0000000702e00000, 0x0000000702e00000| Complete 
|  22|0x0000000703000000, 0x0000000703000000, 0x0000000703200000|  0%| F|  |TAMS 0x0000000703000000, 0x0000000703000000| Untracked 
|  23|0x0000000703200000, 0x0000000703200000, 0x0000000703400000|  0%| F|  |TAMS 0x0000000703200000, 0x0000000703200000| Untracked 
|  24|0x0000000703400000, 0x0000000703400000, 0x0000000703600000|  0%| F|  |TAMS 0x0000000703400000, 0x0000000703400000| Untracked 
|  25|0x0000000703600000, 0x0000000703800000, 0x0000000703800000|100%| S|CS|TAMS 0x0000000703600000, 0x0000000703600000| Complete 
|  26|0x0000000703800000, 0x0000000703800000, 0x0000000703a00000|  0%| F|  |TAMS 0x0000000703800000, 0x0000000703800000| Untracked 
|  27|0x0000000703a00000, 0x0000000703a00000, 0x0000000703c00000|  0%| F|  |TAMS 0x0000000703a00000, 0x0000000703a00000| Untracked 
|  28|0x0000000703c00000, 0x0000000703c00000, 0x0000000703e00000|  0%| F|  |TAMS 0x0000000703c00000, 0x0000000703c00000| Untracked 
|  29|0x0000000703e00000, 0x0000000703e00000, 0x0000000704000000|  0%| F|  |TAMS 0x0000000703e00000, 0x0000000703e00000| Untracked 
|  30|0x0000000704000000, 0x0000000704000000, 0x0000000704200000|  0%| F|  |TAMS 0x0000000704000000, 0x0000000704000000| Untracked 
|  31|0x0000000704200000, 0x0000000704200000, 0x0000000704400000|  0%| F|  |TAMS 0x0000000704200000, 0x0000000704200000| Untracked 
|  32|0x0000000704400000, 0x0000000704400000, 0x0000000704600000|  0%| F|  |TAMS 0x0000000704400000, 0x0000000704400000| Untracked 
|  33|0x0000000704600000, 0x0000000704600000, 0x0000000704800000|  0%| F|  |TAMS 0x0000000704600000, 0x0000000704600000| Untracked 
|  34|0x0000000704800000, 0x0000000704800000, 0x0000000704a00000|  0%| F|  |TAMS 0x0000000704800000, 0x0000000704800000| Untracked 
|  35|0x0000000704a00000, 0x0000000704a00000, 0x0000000704c00000|  0%| F|  |TAMS 0x0000000704a00000, 0x0000000704a00000| Untracked 
|  36|0x0000000704c00000, 0x0000000704c00000, 0x0000000704e00000|  0%| F|  |TAMS 0x0000000704c00000, 0x0000000704c00000| Untracked 
|  37|0x0000000704e00000, 0x0000000704e95fd0, 0x0000000705000000| 29%| E|  |TAMS 0x0000000704e00000, 0x0000000704e00000| Complete 
|  38|0x0000000705000000, 0x0000000705200000, 0x0000000705200000|100%| E|CS|TAMS 0x0000000705000000, 0x0000000705000000| Complete 
|  39|0x0000000705200000, 0x0000000705400000, 0x0000000705400000|100%| E|CS|TAMS 0x0000000705200000, 0x0000000705200000| Complete 
|  40|0x0000000705400000, 0x0000000705600000, 0x0000000705600000|100%| E|CS|TAMS 0x0000000705400000, 0x0000000705400000| Complete 
|  41|0x0000000705600000, 0x0000000705800000, 0x0000000705800000|100%| E|CS|TAMS 0x0000000705600000, 0x0000000705600000| Complete 
|  42|0x0000000705800000, 0x0000000705a00000, 0x0000000705a00000|100%| E|CS|TAMS 0x0000000705800000, 0x0000000705800000| Complete 
|  43|0x0000000705a00000, 0x0000000705c00000, 0x0000000705c00000|100%| E|CS|TAMS 0x0000000705a00000, 0x0000000705a00000| Complete 
|  44|0x0000000705c00000, 0x0000000705e00000, 0x0000000705e00000|100%| E|CS|TAMS 0x0000000705c00000, 0x0000000705c00000| Complete 
|  45|0x0000000705e00000, 0x0000000706000000, 0x0000000706000000|100%| E|CS|TAMS 0x0000000705e00000, 0x0000000705e00000| Complete 
|  46|0x0000000706000000, 0x0000000706200000, 0x0000000706200000|100%| E|CS|TAMS 0x0000000706000000, 0x0000000706000000| Complete 
|  47|0x0000000706200000, 0x0000000706400000, 0x0000000706400000|100%| E|CS|TAMS 0x0000000706200000, 0x0000000706200000| Complete 
|  48|0x0000000706400000, 0x0000000706600000, 0x0000000706600000|100%| E|CS|TAMS 0x0000000706400000, 0x0000000706400000| Complete 
|  49|0x0000000706600000, 0x0000000706800000, 0x0000000706800000|100%| E|CS|TAMS 0x0000000706600000, 0x0000000706600000| Complete 
|  50|0x0000000706800000, 0x0000000706a00000, 0x0000000706a00000|100%| E|CS|TAMS 0x0000000706800000, 0x0000000706800000| Complete 
|  51|0x0000000706a00000, 0x0000000706c00000, 0x0000000706c00000|100%| E|CS|TAMS 0x0000000706a00000, 0x0000000706a00000| Complete 
|  52|0x0000000706c00000, 0x0000000706e00000, 0x0000000706e00000|100%| E|CS|TAMS 0x0000000706c00000, 0x0000000706c00000| Complete 
|  53|0x0000000706e00000, 0x0000000707000000, 0x0000000707000000|100%| E|CS|TAMS 0x0000000706e00000, 0x0000000706e00000| Complete 
|  54|0x0000000707000000, 0x0000000707200000, 0x0000000707200000|100%| E|CS|TAMS 0x0000000707000000, 0x0000000707000000| Complete 
| 127|0x0000000710200000, 0x0000000710400000, 0x0000000710400000|100%| E|CS|TAMS 0x0000000710200000, 0x0000000710200000| Complete 

Card table byte_map: [0x0000027adf730000,0x0000027adff30000] _byte_map_base: 0x0000027adbf2e000

Marking Bits (Prev, Next): (CMBitMap*) 0x0000027ad88eb170, (CMBitMap*) 0x0000027ad88eb130
 Prev Bits: [0x0000027ae4720000, 0x0000027ae8710000)
 Next Bits: [0x0000027ae0730000, 0x0000027ae4720000)

Polling page: 0x0000027ad8040000

Metaspace:

Usage:
  Non-class:     66.90 MB used.
      Class:     10.65 MB used.
       Both:     77.55 MB used.

Virtual space:
  Non-class space:       72.00 MB reserved,      67.19 MB ( 93%) committed,  9 nodes.
      Class space:        1.00 GB reserved,      10.94 MB (  1%) committed,  1 nodes.
             Both:        1.07 GB reserved,      78.12 MB (  7%) committed. 

Chunk freelists:
   Non-Class:  834.00 KB
       Class:  934.00 KB
        Both:  1.73 MB

MaxMetaspaceSize: unlimited
CompressedClassSpaceSize: 1.00 GB
Initial GC threshold: 21.00 MB
Current GC threshold: 98.12 MB
CDS: off
MetaspaceReclaimPolicy: balanced
 - commit_granule_bytes: 65536.
 - commit_granule_words: 8192.
 - virtual_space_node_default_size: 1048576.
 - enlarge_chunks_in_place: 1.
 - new_chunks_are_fully_committed: 0.
 - uncommit_free_chunks: 1.
 - use_allocation_guard: 0.
 - handle_deallocations: 1.


Internal statistics:

num_allocs_failed_limit: 9.
num_arena_births: 844.
num_arena_deaths: 0.
num_vsnodes_births: 10.
num_vsnodes_deaths: 0.
num_space_committed: 1250.
num_space_uncommitted: 0.
num_chunks_returned_to_freelist: 9.
num_chunks_taken_from_freelist: 3366.
num_chunk_merges: 9.
num_chunk_splits: 2487.
num_chunks_enlarged: 1977.
num_purges: 0.
num_inconsistent_stats: 0.

CodeCache: size=49152Kb used=11315Kb max_used=12304Kb free=37837Kb
 bounds [0x0000027adbf30000, 0x0000027adcb40000, 0x0000027adef30000]
 total_blobs=6600 nmethods=5934 adapters=594
 compilation: enabled
              stopped_count=0, restarted_count=0
 full_count=0

Compilation events (20 events):
Event: 148.395 Thread 0x0000027aeb893fc0 5924       1       java.util.Collections$EmptyMap::containsKey (2 bytes)
Event: 148.395 Thread 0x0000027aeb893fc0 nmethod 5924 0x0000027adcb12c10 code [0x0000027adcb12da0, 0x0000027adcb12e78]
Event: 148.395 Thread 0x0000027aeb893fc0 5926       1       org.hibernate.sql.results.graph.entity.AbstractEntityResultGraphNode::getEntityValuedModelPart (5 bytes)
Event: 148.395 Thread 0x0000027aeb893fc0 nmethod 5926 0x0000027adcb12910 code [0x0000027adcb12aa0, 0x0000027adcb12b78]
Event: 148.396 Thread 0x0000027aeb893fc0 5927       1       org.postgresql.jdbc.PgStatement::isClosed (14 bytes)
Event: 148.397 Thread 0x0000027aeb893fc0 nmethod 5927 0x0000027adcb12610 code [0x0000027adcb127a0, 0x0000027adcb12878]
Event: 148.397 Thread 0x0000027aeb893fc0 5928       1       org.hibernate.type.AbstractStandardBasicType::isComponentType (2 bytes)
Event: 148.397 Thread 0x0000027aeb893fc0 nmethod 5928 0x0000027adcb12310 code [0x0000027adcb124a0, 0x0000027adcb12578]
Event: 148.397 Thread 0x0000027aeb893fc0 5929       1       org.hibernate.metamodel.mapping.internal.BasicAttributeMapping::getSelectionExpression (5 bytes)
Event: 148.397 Thread 0x0000027aeb893fc0 nmethod 5929 0x0000027adcb12010 code [0x0000027adcb121a0, 0x0000027adcb12278]
Event: 148.397 Thread 0x0000027aeb893fc0 5930       1       org.hibernate.engine.jdbc.mutation.spi.Binding::getValueDescriptor (5 bytes)
Event: 148.397 Thread 0x0000027aeb893fc0 nmethod 5930 0x0000027adcb11d10 code [0x0000027adcb11ea0, 0x0000027adcb11f78]
Event: 148.397 Thread 0x0000027aeb893fc0 5932       1       org.postgresql.jdbc.PgStatement::checkClosed (29 bytes)
Event: 148.397 Thread 0x0000027aeb893fc0 nmethod 5932 0x0000027adcb11690 code [0x0000027adcb11860, 0x0000027adcb11b98]
Event: 148.397 Thread 0x0000027aeb893fc0 5931       1       org.hibernate.engine.jdbc.mutation.internal.JdbcValueDescriptorImpl::getJdbcPosition (5 bytes)
Event: 148.398 Thread 0x0000027aeb893fc0 nmethod 5931 0x0000027adcb11390 code [0x0000027adcb11520, 0x0000027adcb115f8]
Event: 148.398 Thread 0x0000027aeb893fc0 5933       1       org.hibernate.metamodel.mapping.internal.SimpleAttributeMetadata::getPropertyAccess (5 bytes)
Event: 148.398 Thread 0x0000027aeb893fc0 nmethod 5933 0x0000027adcb11090 code [0x0000027adcb11220, 0x0000027adcb112f8]
Event: 148.398 Thread 0x0000027aeb893fc0 5934       1       java.lang.reflect.Field::get (29 bytes)
Event: 148.399 Thread 0x0000027aeb893fc0 nmethod 5934 0x0000027adcb10b10 code [0x0000027adcb10ce0, 0x0000027adcb10f18]

GC Heap History (20 events):
Event: 3.725 GC heap before
{Heap before GC invocations=11 (full 0):
 garbage-first heap   total 69632K, used 19794K [0x0000000700400000, 0x0000000800000000)
  region size 2048K, 4 young (8192K), 3 survivors (6144K)
 Metaspace       used 38688K, committed 39168K, reserved 1089536K
  class space    used 4814K, committed 5056K, reserved 1048576K
}
Event: 3.733 GC heap after
{Heap after GC invocations=12 (full 0):
 garbage-first heap   total 69632K, used 17846K [0x0000000700400000, 0x0000000800000000)
  region size 2048K, 1 young (2048K), 1 survivors (2048K)
 Metaspace       used 38688K, committed 39168K, reserved 1089536K
  class space    used 4814K, committed 5056K, reserved 1048576K
}
Event: 4.168 GC heap before
{Heap before GC invocations=12 (full 0):
 garbage-first heap   total 69632K, used 50614K [0x0000000700400000, 0x0000000800000000)
  region size 2048K, 17 young (34816K), 1 survivors (2048K)
 Metaspace       used 41767K, committed 42176K, reserved 1089536K
  class space    used 5245K, committed 5440K, reserved 1048576K
}
Event: 4.173 GC heap after
{Heap after GC invocations=13 (full 0):
 garbage-first heap   total 118784K, used 18201K [0x0000000700400000, 0x0000000800000000)
  region size 2048K, 1 young (2048K), 1 survivors (2048K)
 Metaspace       used 41767K, committed 42176K, reserved 1089536K
  class space    used 5245K, committed 5440K, reserved 1048576K
}
Event: 4.806 GC heap before
{Heap before GC invocations=13 (full 0):
 garbage-first heap   total 118784K, used 85785K [0x0000000700400000, 0x0000000800000000)
  region size 2048K, 34 young (69632K), 1 survivors (2048K)
 Metaspace       used 47768K, committed 48256K, reserved 1097728K
  class space    used 6084K, committed 6272K, reserved 1048576K
}
Event: 4.814 GC heap after
{Heap after GC invocations=14 (full 0):
 garbage-first heap   total 118784K, used 19417K [0x0000000700400000, 0x0000000800000000)
  region size 2048K, 2 young (4096K), 2 survivors (4096K)
 Metaspace       used 47768K, committed 48256K, reserved 1097728K
  class space    used 6084K, committed 6272K, reserved 1048576K
}
Event: 5.412 GC heap before
{Heap before GC invocations=14 (full 0):
 garbage-first heap   total 118784K, used 84953K [0x0000000700400000, 0x0000000800000000)
  region size 2048K, 34 young (69632K), 2 survivors (4096K)
 Metaspace       used 53086K, committed 53504K, reserved 1097728K
  class space    used 6893K, committed 7104K, reserved 1048576K
}
Event: 5.417 GC heap after
{Heap after GC invocations=15 (full 0):
 garbage-first heap   total 118784K, used 20888K [0x0000000700400000, 0x0000000800000000)
  region size 2048K, 2 young (4096K), 2 survivors (4096K)
 Metaspace       used 53086K, committed 53504K, reserved 1097728K
  class space    used 6893K, committed 7104K, reserved 1048576K
}
Event: 6.019 GC heap before
{Heap before GC invocations=15 (full 0):
 garbage-first heap   total 118784K, used 84376K [0x0000000700400000, 0x0000000800000000)
  region size 2048K, 34 young (69632K), 2 survivors (4096K)
 Metaspace       used 59666K, committed 60160K, reserved 1105920K
  class space    used 7928K, committed 8192K, reserved 1048576K
}
Event: 6.028 GC heap after
{Heap after GC invocations=16 (full 0):
 garbage-first heap   total 118784K, used 21895K [0x0000000700400000, 0x0000000800000000)
  region size 2048K, 3 young (6144K), 3 survivors (6144K)
 Metaspace       used 59666K, committed 60160K, reserved 1105920K
  class space    used 7928K, committed 8192K, reserved 1048576K
}
Event: 6.506 GC heap before
{Heap before GC invocations=17 (full 0):
 garbage-first heap   total 90112K, used 68999K [0x0000000700400000, 0x0000000800000000)
  region size 2048K, 26 young (53248K), 3 survivors (6144K)
 Metaspace       used 63393K, committed 63936K, reserved 1105920K
  class space    used 8543K, committed 8768K, reserved 1048576K
}
Event: 6.514 GC heap after
{Heap after GC invocations=18 (full 0):
 garbage-first heap   total 90112K, used 23437K [0x0000000700400000, 0x0000000800000000)
  region size 2048K, 3 young (6144K), 3 survivors (6144K)
 Metaspace       used 63393K, committed 63936K, reserved 1105920K
  class space    used 8543K, committed 8768K, reserved 1048576K
}
Event: 6.567 GC heap before
{Heap before GC invocations=18 (full 0):
 garbage-first heap   total 90112K, used 25485K [0x0000000700400000, 0x0000000800000000)
  region size 2048K, 4 young (8192K), 3 survivors (6144K)
 Metaspace       used 63534K, committed 64128K, reserved 1105920K
  class space    used 8561K, committed 8832K, reserved 1048576K
}
Event: 6.572 GC heap after
{Heap after GC invocations=19 (full 0):
 garbage-first heap   total 90112K, used 23501K [0x0000000700400000, 0x0000000800000000)
  region size 2048K, 1 young (2048K), 1 survivors (2048K)
 Metaspace       used 63534K, committed 64128K, reserved 1105920K
  class space    used 8561K, committed 8832K, reserved 1048576K
}
Event: 7.080 GC heap before
{Heap before GC invocations=19 (full 0):
 garbage-first heap   total 90112K, used 70605K [0x0000000700400000, 0x0000000800000000)
  region size 2048K, 24 young (49152K), 1 survivors (2048K)
 Metaspace       used 66487K, committed 67072K, reserved 1114112K
  class space    used 9003K, committed 9280K, reserved 1048576K
}
Event: 7.085 GC heap after
{Heap after GC invocations=20 (full 0):
 garbage-first heap   total 114688K, used 25135K [0x0000000700400000, 0x0000000800000000)
  region size 2048K, 2 young (4096K), 2 survivors (4096K)
 Metaspace       used 66487K, committed 67072K, reserved 1114112K
  class space    used 9003K, committed 9280K, reserved 1048576K
}
Event: 13.881 GC heap before
{Heap before GC invocations=20 (full 0):
 garbage-first heap   total 114688K, used 88623K [0x0000000700400000, 0x0000000800000000)
  region size 2048K, 33 young (67584K), 2 survivors (4096K)
 Metaspace       used 71394K, committed 72064K, reserved 1114112K
  class space    used 9667K, committed 9984K, reserved 1048576K
}
Event: 13.887 GC heap after
{Heap after GC invocations=21 (full 0):
 garbage-first heap   total 114688K, used 27738K [0x0000000700400000, 0x0000000800000000)
  region size 2048K, 3 young (6144K), 3 survivors (6144K)
 Metaspace       used 71394K, committed 72064K, reserved 1114112K
  class space    used 9667K, committed 9984K, reserved 1048576K
}
Event: 26.668 GC heap before
{Heap before GC invocations=21 (full 0):
 garbage-first heap   total 114688K, used 87130K [0x0000000700400000, 0x0000000800000000)
  region size 2048K, 33 young (67584K), 3 survivors (6144K)
 Metaspace       used 76984K, committed 77632K, reserved 1122304K
  class space    used 10567K, committed 10880K, reserved 1048576K
}
Event: 26.676 GC heap after
{Heap after GC invocations=22 (full 0):
 garbage-first heap   total 114688K, used 31590K [0x0000000700400000, 0x0000000800000000)
  region size 2048K, 5 young (10240K), 5 survivors (10240K)
 Metaspace       used 76984K, committed 77632K, reserved 1122304K
  class space    used 10567K, committed 10880K, reserved 1048576K
}

Deoptimization events (20 events):
Event: 39.964 Thread 0x0000027aed807640 DEOPT PACKING pc=0x0000027adc33e0dc sp=0x000000a2be3f70f0
Event: 39.964 Thread 0x0000027aed807640 DEOPT UNPACKING pc=0x0000027adbf82b43 sp=0x000000a2be3f65e0 mode 1
Event: 49.365 Thread 0x0000027aed807640 DEOPT PACKING pc=0x0000027adc8826b4 sp=0x000000a2be3fa160
Event: 49.365 Thread 0x0000027aed807640 DEOPT UNPACKING pc=0x0000027adbf82b43 sp=0x000000a2be3f9688 mode 0
Event: 49.365 Thread 0x0000027aed807640 DEOPT PACKING pc=0x0000027adc880584 sp=0x000000a2be3fa240
Event: 49.365 Thread 0x0000027aed807640 DEOPT UNPACKING pc=0x0000027adbf82b43 sp=0x000000a2be3f96e0 mode 0
Event: 49.365 Thread 0x0000027aed807640 DEOPT PACKING pc=0x0000027adc88098c sp=0x000000a2be3fa290
Event: 49.365 Thread 0x0000027aed807640 DEOPT UNPACKING pc=0x0000027adbf82b43 sp=0x000000a2be3f9780 mode 0
Event: 49.365 Thread 0x0000027aed807640 DEOPT PACKING pc=0x0000027adc8826b4 sp=0x000000a2be3fb120
Event: 49.365 Thread 0x0000027aed807640 DEOPT UNPACKING pc=0x0000027adbf82b43 sp=0x000000a2be3fa648 mode 0
Event: 49.365 Thread 0x0000027aed807640 DEOPT PACKING pc=0x0000027adc880584 sp=0x000000a2be3fb200
Event: 49.365 Thread 0x0000027aed807640 DEOPT UNPACKING pc=0x0000027adbf82b43 sp=0x000000a2be3fa6a0 mode 0
Event: 49.365 Thread 0x0000027aed807640 DEOPT PACKING pc=0x0000027adc88098c sp=0x000000a2be3fb250
Event: 49.365 Thread 0x0000027aed807640 DEOPT UNPACKING pc=0x0000027adbf82b43 sp=0x000000a2be3fa740 mode 0
Event: 49.367 Thread 0x0000027aed807640 DEOPT PACKING pc=0x0000027adc8826b4 sp=0x000000a2be3fc0e0
Event: 49.367 Thread 0x0000027aed807640 DEOPT UNPACKING pc=0x0000027adbf82b43 sp=0x000000a2be3fb608 mode 0
Event: 49.367 Thread 0x0000027aed807640 DEOPT PACKING pc=0x0000027adc880584 sp=0x000000a2be3fc1c0
Event: 49.367 Thread 0x0000027aed807640 DEOPT UNPACKING pc=0x0000027adbf82b43 sp=0x000000a2be3fb660 mode 0
Event: 49.367 Thread 0x0000027aed807640 DEOPT PACKING pc=0x0000027adc88098c sp=0x000000a2be3fc210
Event: 49.367 Thread 0x0000027aed807640 DEOPT UNPACKING pc=0x0000027adbf82b43 sp=0x000000a2be3fb700 mode 0

Classes unloaded (0 events):
No events

Classes redefined (1 events):
Event: 114.640 Thread 0x0000027aeb81cda0 redefined class name=com.coletas.coletas.service.impl.SucurityUserServiceImpl, count=1

Internal exceptions (20 events):
Event: 7.050 Thread 0x0000027ad887e470 Exception <a 'java/lang/IncompatibleClassChangeError'{0x0000000702f58838}: Found class java.lang.Object, but interface was expected> (0x0000000702f58838) 
thrown [s\src\hotspot\share\interpreter\linkResolver.cpp, line 826]
Event: 7.096 Thread 0x0000027ad887e470 Exception <a 'java/lang/NoSuchMethodError'{0x00000007102e34d8}: 'void java.lang.invoke.DirectMethodHandle$Holder.invokeVirtual(java.lang.Object, java.lang.Object, long)'> (0x00000007102e34d8) 
thrown [s\src\hotspot\share\interpreter\linkResolver.cpp, line 759]
Event: 7.201 Thread 0x0000027ad887e470 Exception <a 'java/lang/IncompatibleClassChangeError'{0x00000007069f8088}: Found class java.lang.Object, but interface was expected> (0x00000007069f8088) 
thrown [s\src\hotspot\share\interpreter\linkResolver.cpp, line 826]
Event: 7.233 Thread 0x0000027ad887e470 Exception <a 'java/lang/IncompatibleClassChangeError'{0x000000070643eec8}: Found class java.lang.Object, but interface was expected> (0x000000070643eec8) 
thrown [s\src\hotspot\share\interpreter\linkResolver.cpp, line 826]
Event: 7.264 Thread 0x0000027ad887e470 Exception <a 'java/lang/IncompatibleClassChangeError'{0x0000000706021560}: Found class java.lang.Object, but interface was expected> (0x0000000706021560) 
thrown [s\src\hotspot\share\interpreter\linkResolver.cpp, line 826]
Event: 7.386 Thread 0x0000027ad887e470 Exception <a 'java/lang/IncompatibleClassChangeError'{0x00000007052eced8}: Found class java.lang.Object, but interface was expected> (0x00000007052eced8) 
thrown [s\src\hotspot\share\interpreter\linkResolver.cpp, line 826]
Event: 7.518 Thread 0x0000027ad887e470 Exception <a 'java/lang/NoSuchMethodError'{0x00000007049d8300}: 'java.lang.Object java.lang.invoke.DirectMethodHandle$Holder.newInvokeSpecial(java.lang.Object, java.lang.Object, int, java.lang.Object, java.lang.Object)'> (0x00000007049d8300) 
thrown [s\src\hotspot\share\interpreter\linkResolver.cpp, line 759]
Event: 13.822 Thread 0x0000027aed805490 Exception <a 'java/lang/NoSuchMethodError'{0x0000000703a77a30}: 'java.lang.Object java.lang.invoke.DirectMethodHandle$Holder.invokeSpecial(java.lang.Object, java.lang.Object, java.lang.Object, java.lang.Object, java.lang.Object, long)'> (0x0000000703a77a30) 
thrown [s\src\hotspot\share\interpreter\linkResolver.cpp, line 759]
Event: 13.823 Thread 0x0000027aed805490 Exception <a 'java/lang/NoSuchMethodError'{0x0000000703a7b470}: 'java.lang.Object java.lang.invoke.Invokers$Holder.linkToTargetMethod(java.lang.Object, java.lang.Object, java.lang.Object, long, java.lang.Object)'> (0x0000000703a7b470) 
thrown [s\src\hotspot\share\interpreter\linkResolver.cpp, line 759]
Event: 13.966 Thread 0x0000027aed805e30 Exception <a 'java/lang/NoSuchMethodError'{0x0000000706cc3bd0}: 'void java.lang.invoke.DirectMethodHandle$Holder.invokeSpecialIFC(java.lang.Object, java.lang.Object, int, java.lang.Object, java.lang.Object, java.lang.Object, java.lang.Object)'> (0x0000000706cc3bd0) 
thrown [s\src\hotspot\share\interpreter\linkResolver.cpp, line 759]
Event: 26.604 Thread 0x0000027aed806300 Exception <a 'java/lang/NoSuchMethodError'{0x00000007042fb5e0}: 'java.lang.Object java.lang.invoke.DirectMethodHandle$Holder.newInvokeSpecial(java.lang.Object, java.lang.Object, java.lang.Object, java.lang.Object, int)'> (0x00000007042fb5e0) 
thrown [s\src\hotspot\share\interpreter\linkResolver.cpp, line 759]
Event: 26.605 Thread 0x0000027aed806300 Exception <a 'java/lang/NoSuchMethodError'{0x00000007043002c0}: 'java.lang.Object java.lang.invoke.DirectMethodHandle$Holder.invokeSpecial(java.lang.Object, java.lang.Object, java.lang.Object, java.lang.Object, java.lang.Object, int)'> (0x00000007043002c0) 
thrown [s\src\hotspot\share\interpreter\linkResolver.cpp, line 759]
Event: 26.605 Thread 0x0000027aed806300 Exception <a 'java/lang/NoSuchMethodError'{0x0000000704304848}: 'java.lang.Object java.lang.invoke.Invokers$Holder.linkToTargetMethod(java.lang.Object, java.lang.Object, java.lang.Object, int, java.lang.Object)'> (0x0000000704304848) 
thrown [s\src\hotspot\share\interpreter\linkResolver.cpp, line 759]
Event: 26.662 Thread 0x0000027aed806300 Exception <a 'java/lang/IncompatibleClassChangeError'{0x0000000703ade9c0}: Found class java.lang.Object, but interface was expected> (0x0000000703ade9c0) 
thrown [s\src\hotspot\share\interpreter\linkResolver.cpp, line 826]
Event: 26.736 Thread 0x0000027aed806300 Exception <a 'java/lang/IncompatibleClassChangeError'{0x0000000706eacaf0}: Found class java.lang.Object, but interface was expected> (0x0000000706eacaf0) 
thrown [s\src\hotspot\share\interpreter\linkResolver.cpp, line 826]
Event: 39.916 Thread 0x0000027aed807640 Exception <a 'java/lang/NoSuchMethodError'{0x00000007053256b8}: 'int java.lang.invoke.DirectMethodHandle$Holder.invokeStatic(java.lang.Object, java.lang.Object, int, int)'> (0x00000007053256b8) 
thrown [s\src\hotspot\share\interpreter\linkResolver.cpp, line 759]
Event: 39.955 Thread 0x0000027aed807640 Exception <a 'java/lang/NoSuchMethodError'{0x000000070507a320}: 'java.lang.Object java.lang.invoke.DirectMethodHandle$Holder.invokeInterface(java.lang.Object, java.lang.Object, java.lang.Object, java.lang.Object)'> (0x000000070507a320) 
thrown [s\src\hotspot\share\interpreter\linkResolver.cpp, line 759]
Event: 42.821 Thread 0x0000027aed807640 Exception <a 'sun/nio/fs/WindowsException'{0x000000070511e188}> (0x000000070511e188) 
thrown [s\src\hotspot\share\prims\jni.cpp, line 516]
Event: 42.826 Thread 0x0000027aed807640 Exception <a 'sun/nio/fs/WindowsException'{0x000000070511e408}> (0x000000070511e408) 
thrown [s\src\hotspot\share\prims\jni.cpp, line 516]
Event: 49.336 Thread 0x0000027aed807640 Exception <a 'java/lang/NullPointerException'{0x0000000705149bf0}> (0x0000000705149bf0) 
thrown [s\src\hotspot\share\interpreter\linkResolver.cpp, line 1350]

VM Operations (20 events):
Event: 48.946 Executing VM operation: ChangeBreakpoints
Event: 48.946 Executing VM operation: ChangeBreakpoints done
Event: 49.953 Executing VM operation: Cleanup
Event: 49.953 Executing VM operation: Cleanup done
Event: 72.416 Executing VM operation: ChangeBreakpoints
Event: 72.418 Executing VM operation: ChangeBreakpoints done
Event: 84.421 Executing VM operation: Cleanup
Event: 84.421 Executing VM operation: Cleanup done
Event: 99.425 Executing VM operation: Cleanup
Event: 99.425 Executing VM operation: Cleanup done
Event: 110.429 Executing VM operation: Cleanup
Event: 110.429 Executing VM operation: Cleanup done
Event: 114.632 Executing VM operation: RedefineClasses
Event: 114.661 Executing VM operation: RedefineClasses done
Event: 114.682 Executing VM operation: ChangeBreakpoints
Event: 114.683 Executing VM operation: ChangeBreakpoints done
Event: 121.686 Executing VM operation: Cleanup
Event: 121.686 Executing VM operation: Cleanup done
Event: 146.889 Executing VM operation: Cleanup
Event: 146.889 Executing VM operation: Cleanup done

Events (20 events):
Event: 49.333 loading class com/sun/crypto/provider/AESCipher$General done
Event: 49.334 loading class com/sun/crypto/provider/CipherCore
Event: 49.334 loading class com/sun/crypto/provider/CipherCore done
Event: 49.335 loading class com/sun/crypto/provider/ElectronicCodeBook
Event: 49.335 loading class com/sun/crypto/provider/FeedbackCipher
Event: 49.335 loading class com/sun/crypto/provider/FeedbackCipher done
Event: 49.335 loading class com/sun/crypto/provider/ElectronicCodeBook done
Event: 49.335 loading class com/sun/crypto/provider/PKCS5Padding
Event: 49.335 loading class com/sun/crypto/provider/Padding
Event: 49.335 loading class com/sun/crypto/provider/Padding done
Event: 49.335 loading class com/sun/crypto/provider/PKCS5Padding done
Event: 49.337 loading class java/lang/Throwable$WrappedPrintStream
Event: 49.337 loading class java/lang/Throwable$WrappedPrintStream done
Event: 91.105 Thread 0x0000027af00db570 Thread exited: 0x0000027af00db570
Event: 91.105 Thread 0x0000027af00d6d40 Thread exited: 0x0000027af00d6d40
Event: 91.105 Thread 0x0000027aeba8bff0 Thread exited: 0x0000027aeba8bff0
Event: 91.106 Thread 0x0000027af00d8a20 Thread exited: 0x0000027af00d8a20
Event: 91.121 Thread 0x0000027af00d63a0 Thread exited: 0x0000027af00d63a0
Event: 91.121 Thread 0x0000027af00d5ed0 Thread exited: 0x0000027af00d5ed0
Event: 91.121 Thread 0x0000027af00dba40 Thread exited: 0x0000027af00dba40


Dynamic libraries:
0x00007ff74e0c0000 - 0x00007ff74e0ce000 	C:\Users\mathe\OneDrive\Documentos\sts-4.16.1.RELEASE\plugins\org.eclipse.justj.openjdk.hotspot.jre.full.win32.x86_64_17.0.4.v20221004-1257\jre\bin\javaw.exe
0x00007ffb37cb0000 - 0x00007ffb37ea8000 	C:\Windows\SYSTEM32\ntdll.dll
0x00007ffb08f70000 - 0x00007ffb08f8a000 	C:\Program Files\Norton\Suite\aswhook.dll
0x00007ffb363c0000 - 0x00007ffb36482000 	C:\Windows\System32\KERNEL32.DLL
0x00007ffb35380000 - 0x00007ffb3567f000 	C:\Windows\System32\KERNELBASE.dll
0x00007ffb35b50000 - 0x00007ffb35c50000 	C:\Windows\System32\ucrtbase.dll
0x00007ffae3120000 - 0x00007ffae3138000 	C:\Users\mathe\OneDrive\Documentos\sts-4.16.1.RELEASE\plugins\org.eclipse.justj.openjdk.hotspot.jre.full.win32.x86_64_17.0.4.v20221004-1257\jre\bin\jli.dll
0x00007ffb36150000 - 0x00007ffb362ed000 	C:\Windows\System32\USER32.dll
0x00007ffb35ca0000 - 0x00007ffb35cc2000 	C:\Windows\System32\win32u.dll
0x00007ffb36a80000 - 0x00007ffb36aab000 	C:\Windows\System32\GDI32.dll
0x00007ffb35710000 - 0x00007ffb3582a000 	C:\Windows\System32\gdi32full.dll
0x00007ffb35ab0000 - 0x00007ffb35b4d000 	C:\Windows\System32\msvcp_win.dll
0x00007ffaaa930000 - 0x00007ffaaa949000 	C:\Users\mathe\OneDrive\Documentos\sts-4.16.1.RELEASE\plugins\org.eclipse.justj.openjdk.hotspot.jre.full.win32.x86_64_17.0.4.v20221004-1257\jre\bin\VCRUNTIME140.dll
0x00007ffb29940000 - 0x00007ffb29bda000 	C:\Windows\WinSxS\amd64_microsoft.windows.common-controls_6595b64144ccf1df_6.0.19041.4355_none_60b8b9eb71f62e16\COMCTL32.dll
0x00007ffb35d80000 - 0x00007ffb35e1e000 	C:\Windows\System32\msvcrt.dll
0x00007ffb362f0000 - 0x00007ffb3631f000 	C:\Windows\System32\IMM32.DLL
0x00007ffaaa920000 - 0x00007ffaaa92c000 	C:\Users\mathe\OneDrive\Documentos\sts-4.16.1.RELEASE\plugins\org.eclipse.justj.openjdk.hotspot.jre.full.win32.x86_64_17.0.4.v20221004-1257\jre\bin\vcruntime140_1.dll
0x00007ffaa8350000 - 0x00007ffaa83e1000 	C:\Users\mathe\OneDrive\Documentos\sts-4.16.1.RELEASE\plugins\org.eclipse.justj.openjdk.hotspot.jre.full.win32.x86_64_17.0.4.v20221004-1257\jre\bin\msvcp140.dll
0x00007ffaadcd0000 - 0x00007ffaae916000 	C:\Users\mathe\OneDrive\Documentos\sts-4.16.1.RELEASE\plugins\org.eclipse.justj.openjdk.hotspot.jre.full.win32.x86_64_17.0.4.v20221004-1257\jre\bin\server\jvm.dll
0x00007ffb368f0000 - 0x00007ffb3699f000 	C:\Windows\System32\ADVAPI32.dll
0x00007ffb36320000 - 0x00007ffb363bf000 	C:\Windows\System32\sechost.dll
0x00007ffb37500000 - 0x00007ffb37623000 	C:\Windows\System32\RPCRT4.dll
0x00007ffb35350000 - 0x00007ffb35377000 	C:\Windows\System32\bcrypt.dll
0x00007ffb36b30000 - 0x00007ffb36b38000 	C:\Windows\System32\PSAPI.DLL
0x00007ffb1b5b0000 - 0x00007ffb1b5b9000 	C:\Windows\SYSTEM32\WSOCK32.dll
0x00007ffb364f0000 - 0x00007ffb3655b000 	C:\Windows\System32\WS2_32.dll
0x00007ffb2d630000 - 0x00007ffb2d63a000 	C:\Windows\SYSTEM32\VERSION.dll
0x00007ffb26a00000 - 0x00007ffb26a27000 	C:\Windows\SYSTEM32\WINMM.dll
0x00007ffb331f0000 - 0x00007ffb33202000 	C:\Windows\SYSTEM32\kernel.appcore.dll
0x00007ffb0a640000 - 0x00007ffb0a64a000 	C:\Users\mathe\OneDrive\Documentos\sts-4.16.1.RELEASE\plugins\org.eclipse.justj.openjdk.hotspot.jre.full.win32.x86_64_17.0.4.v20221004-1257\jre\bin\jimage.dll
0x00007ffb2c910000 - 0x00007ffb2caf4000 	C:\Windows\SYSTEM32\DBGHELP.DLL
0x00007ffb2c740000 - 0x00007ffb2c774000 	C:\Windows\SYSTEM32\dbgcore.DLL
0x00007ffb35680000 - 0x00007ffb35702000 	C:\Windows\System32\bcryptPrimitives.dll
0x00007ffb318d0000 - 0x00007ffb3190b000 	C:\Users\mathe\OneDrive\Documentos\sts-4.16.1.RELEASE\plugins\org.eclipse.justj.openjdk.hotspot.jre.full.win32.x86_64_17.0.4.v20221004-1257\jre\bin\jdwp.dll
0x00007ffb2fdf0000 - 0x00007ffb2fdfe000 	C:\Users\mathe\OneDrive\Documentos\sts-4.16.1.RELEASE\plugins\org.eclipse.justj.openjdk.hotspot.jre.full.win32.x86_64_17.0.4.v20221004-1257\jre\bin\instrument.dll
0x00007ffaddab0000 - 0x00007ffaddad5000 	C:\Users\mathe\OneDrive\Documentos\sts-4.16.1.RELEASE\plugins\org.eclipse.justj.openjdk.hotspot.jre.full.win32.x86_64_17.0.4.v20221004-1257\jre\bin\java.dll
0x00007ffae2ff0000 - 0x00007ffae3008000 	C:\Users\mathe\OneDrive\Documentos\sts-4.16.1.RELEASE\plugins\org.eclipse.justj.openjdk.hotspot.jre.full.win32.x86_64_17.0.4.v20221004-1257\jre\bin\zip.dll
0x00007ffb36d90000 - 0x00007ffb374fd000 	C:\Windows\System32\SHELL32.dll
0x00007ffb333f0000 - 0x00007ffb33b94000 	C:\Windows\SYSTEM32\windows.storage.dll
0x00007ffb36560000 - 0x00007ffb368b5000 	C:\Windows\System32\combase.dll
0x00007ffb34cb0000 - 0x00007ffb34cdf000 	C:\Windows\SYSTEM32\Wldp.dll
0x00007ffb35fd0000 - 0x00007ffb3609d000 	C:\Windows\System32\OLEAUT32.dll
0x00007ffb360a0000 - 0x00007ffb3614d000 	C:\Windows\System32\SHCORE.dll
0x00007ffb35f10000 - 0x00007ffb35f65000 	C:\Windows\System32\shlwapi.dll
0x00007ffb35280000 - 0x00007ffb352a4000 	C:\Windows\SYSTEM32\profapi.dll
0x00007ffb2fde0000 - 0x00007ffb2fdec000 	C:\Users\mathe\OneDrive\Documentos\sts-4.16.1.RELEASE\plugins\org.eclipse.justj.openjdk.hotspot.jre.full.win32.x86_64_17.0.4.v20221004-1257\jre\bin\dt_socket.dll
0x00007ffb346f0000 - 0x00007ffb3472b000 	C:\Windows\SYSTEM32\IPHLPAPI.DLL
0x00007ffb34a10000 - 0x00007ffb34a7c000 	C:\Windows\system32\mswsock.dll
0x00007ffb34730000 - 0x00007ffb347fa000 	C:\Windows\SYSTEM32\DNSAPI.dll
0x00007ffb368e0000 - 0x00007ffb368e8000 	C:\Windows\System32\NSI.dll
0x00007ffb2d510000 - 0x00007ffb2d51a000 	C:\Windows\System32\rasadhlp.dll
0x00007ffb2c360000 - 0x00007ffb2c3e0000 	C:\Windows\System32\fwpuclnt.dll
0x00007ffaacfc0000 - 0x00007ffaacfd9000 	C:\Users\mathe\OneDrive\Documentos\sts-4.16.1.RELEASE\plugins\org.eclipse.justj.openjdk.hotspot.jre.full.win32.x86_64_17.0.4.v20221004-1257\jre\bin\net.dll
0x00007ffb2e690000 - 0x00007ffb2e79a000 	C:\Windows\SYSTEM32\WINHTTP.dll
0x00007ffaacfa0000 - 0x00007ffaacfb5000 	C:\Users\mathe\OneDrive\Documentos\sts-4.16.1.RELEASE\plugins\org.eclipse.justj.openjdk.hotspot.jre.full.win32.x86_64_17.0.4.v20221004-1257\jre\bin\nio.dll
0x00007ffb06b80000 - 0x00007ffb06b89000 	C:\Users\mathe\OneDrive\Documentos\sts-4.16.1.RELEASE\plugins\org.eclipse.justj.openjdk.hotspot.jre.full.win32.x86_64_17.0.4.v20221004-1257\jre\bin\management.dll
0x00007ffb06b70000 - 0x00007ffb06b7b000 	C:\Users\mathe\OneDrive\Documentos\sts-4.16.1.RELEASE\plugins\org.eclipse.justj.openjdk.hotspot.jre.full.win32.x86_64_17.0.4.v20221004-1257\jre\bin\management_ext.dll
0x00007ffb13320000 - 0x00007ffb13337000 	C:\Windows\system32\napinsp.dll
0x00007ffb13300000 - 0x00007ffb1331b000 	C:\Windows\system32\pnrpnsp.dll
0x00007ffb132e0000 - 0x00007ffb132f5000 	C:\Windows\system32\wshbth.dll
0x00007ffb31060000 - 0x00007ffb3107d000 	C:\Windows\system32\NLAapi.dll
0x00007ffb13340000 - 0x00007ffb13352000 	C:\Windows\System32\winrnr.dll
0x00007ffb34c10000 - 0x00007ffb34c28000 	C:\Windows\SYSTEM32\CRYPTSP.dll
0x00007ffb34330000 - 0x00007ffb34364000 	C:\Windows\system32\rsaenh.dll
0x00007ffb35200000 - 0x00007ffb3522e000 	C:\Windows\SYSTEM32\USERENV.dll
0x00007ffb34c00000 - 0x00007ffb34c0c000 	C:\Windows\SYSTEM32\CRYPTBASE.dll
0x00007ffb2fb40000 - 0x00007ffb2fb57000 	C:\Windows\SYSTEM32\dhcpcsvc6.DLL
0x00007ffb2fb20000 - 0x00007ffb2fb3d000 	C:\Windows\SYSTEM32\dhcpcsvc.DLL
0x00007ffafe9f0000 - 0x00007ffafea00000 	C:\Users\mathe\OneDrive\Documentos\sts-4.16.1.RELEASE\plugins\org.eclipse.justj.openjdk.hotspot.jre.full.win32.x86_64_17.0.4.v20221004-1257\jre\bin\verify.dll
0x00007ffaaad20000 - 0x00007ffaaad2e000 	C:\Users\mathe\OneDrive\Documentos\sts-4.16.1.RELEASE\plugins\org.eclipse.justj.openjdk.hotspot.jre.full.win32.x86_64_17.0.4.v20221004-1257\jre\bin\sunmscapi.dll
0x00007ffb358e0000 - 0x00007ffb35a3c000 	C:\Windows\System32\CRYPT32.dll
0x00007ffb34d80000 - 0x00007ffb34da7000 	C:\Windows\SYSTEM32\ncrypt.dll
0x00007ffb34d40000 - 0x00007ffb34d7b000 	C:\Windows\SYSTEM32\NTASN1.dll
0x00007ffaaa880000 - 0x00007ffaaa887000 	C:\Windows\system32\wshunix.dll

dbghelp: loaded successfully - version: 4.0.5 - missing functions: none
symbol engine: initialized successfully - sym options: 0x614 - pdb path: .;C:\Users\mathe\OneDrive\Documentos\sts-4.16.1.RELEASE\plugins\org.eclipse.justj.openjdk.hotspot.jre.full.win32.x86_64_17.0.4.v20221004-1257\jre\bin;C:\Windows\SYSTEM32;C:\Program Files\Norton\Suite;C:\Windows\WinSxS\amd64_microsoft.windows.common-controls_6595b64144ccf1df_6.0.19041.4355_none_60b8b9eb71f62e16;C:\Users\mathe\OneDrive\Documentos\sts-4.16.1.RELEASE\plugins\org.eclipse.justj.openjdk.hotspot.jre.full.win32.x86_64_17.0.4.v20221004-1257\jre\bin\server

VM Arguments:
jvm_args: -XX:+ShowCodeDetailsInExceptionMessages -agentlib:jdwp=transport=dt_socket,suspend=y,address=localhost:55280 -Dcom.sun.management.jmxremote -Dcom.sun.management.jmxremote.port=55279 -Dcom.sun.management.jmxremote.authenticate=false -Dcom.sun.management.jmxremote.ssl=false -Djava.rmi.server.hostname=localhost -Dspring.jmx.enabled=true -Dspring.application.admin.enabled=true -XX:TieredStopAtLevel=1 -Dspring.boot.project.name=coletas -javaagent:C:\Users\mathe\OneDrive\Documentos\sts-4.16.1.RELEASE\configuration\org.eclipse.osgi\268\0\.cp\lib\javaagent-shaded.jar -Dfile.encoding=UTF-8 
java_command: com.coletas.coletas.ColetasApplication --spring.output.ansi.enabled=always
java_class_path (initial): D:\projetos\projeto_coletas\backend\target\classes;C:\Users\mathe\.m2\repository\org\springframework\boot\spring-boot-starter-web\3.3.3\spring-boot-starter-web-3.3.3.jar;C:\Users\mathe\.m2\repository\org\springframework\boot\spring-boot-starter\3.3.3\spring-boot-starter-3.3.3.jar;C:\Users\mathe\.m2\repository\org\springframework\boot\spring-boot\3.3.3\spring-boot-3.3.3.jar;C:\Users\mathe\.m2\repository\org\springframework\boot\spring-boot-autoconfigure\3.3.3\spring-boot-autoconfigure-3.3.3.jar;C:\Users\mathe\.m2\repository\org\springframework\boot\spring-boot-starter-logging\3.3.3\spring-boot-starter-logging-3.3.3.jar;C:\Users\mathe\.m2\repository\ch\qos\logback\logback-classic\1.5.7\logback-classic-1.5.7.jar;C:\Users\mathe\.m2\repository\ch\qos\logback\logback-core\1.5.7\logback-core-1.5.7.jar;C:\Users\mathe\.m2\repository\org\apache\logging\log4j\log4j-to-slf4j\2.23.1\log4j-to-slf4j-2.23.1.jar;C:\Users\mathe\.m2\repository\org\apache\logging\log4j\log4j-api\2.23.1\log4j-api-2.23.1.jar;C:\Users\mathe\.m2\repository\org\slf4j\jul-to-slf4j\2.0.16\jul-to-slf4j-2.0.16.jar;C:\Users\mathe\.m2\repository\jakarta\annotation\jakarta.annotation-api\2.1.1\jakarta.annotation-api-2.1.1.jar;C:\Users\mathe\.m2\repository\org\yaml\snakeyaml\2.2\snakeyaml-2.2.jar;C:\Users\mathe\.m2\repository\org\springframework\boot\spring-boot-starter-json\3.3.3\spring-boot-starter-json-3.3.3.jar;C:\Users\mathe\.m2\repository\com\fasterxml\jackson\core\jackson-databind\2.17.2\jackson-databind-2.17.2.jar;C:\Users\mathe\.m2\repository\com\fasterxml\jackson\core\jackson-annotations\2.17.2\jackson-annotations-2.17.2.jar;C:\Users\mathe\.m2\repository\com\fasterxml\jackson\core\jackson-core\2.17.2\jackson-core-2.17.2.jar;C:\Users\mathe\.m2\repository\com\fasterxml\jackson\datatype\jackson-datatype-jdk8\2.17.2\jackson-datatype-jdk8-2.17.2.jar;C:\Users\mathe\.m2\repository\com\fasterxml\jackson\datatype\jackson-datatype-jsr310\2.17.2\jackson-datatype-jsr310-2.17.2.jar;C:\User
Launcher Type: SUN_STANDARD

[Global flags]
     intx CICompilerCount                          = 3                                         {product} {ergonomic}
     uint ConcGCThreads                            = 2                                         {product} {ergonomic}
     uint G1ConcRefinementThreads                  = 6                                         {product} {ergonomic}
   size_t G1HeapRegionSize                         = 2097152                                   {product} {ergonomic}
    uintx GCDrainStackTargetSize                   = 64                                        {product} {ergonomic}
   size_t InitialHeapSize                          = 268435456                                 {product} {ergonomic}
     bool ManagementServer                         = true                                      {product} {command line}
   size_t MarkStackSize                            = 4194304                                   {product} {ergonomic}
   size_t MaxHeapSize                              = 4290772992                                {product} {ergonomic}
   size_t MaxNewSize                               = 2573205504                                {product} {ergonomic}
   size_t MinHeapDeltaBytes                        = 2097152                                   {product} {ergonomic}
   size_t MinHeapSize                              = 8388608                                   {product} {ergonomic}
    uintx NonProfiledCodeHeapSize                  = 0                                      {pd product} {ergonomic}
     bool ProfileInterpreter                       = false                                  {pd product} {command line}
    uintx ProfiledCodeHeapSize                     = 0                                      {pd product} {ergonomic}
     bool ShowCodeDetailsInExceptionMessages       = true                                   {manageable} {command line}
   size_t SoftMaxHeapSize                          = 4290772992                             {manageable} {ergonomic}
     intx TieredStopAtLevel                        = 1                                         {product} {command line}
     bool UseCompressedClassPointers               = true                           {product lp64_product} {ergonomic}
     bool UseCompressedOops                        = true                           {product lp64_product} {ergonomic}
     bool UseG1GC                                  = true                                      {product} {ergonomic}
     bool UseLargePagesIndividualAllocation        = false                                  {pd product} {ergonomic}

Logging:
Log output configuration:
 #0: stdout all=warning uptime,level,tags
 #1: stderr all=off uptime,level,tags

Environment Variables:
PATH=C:\Users\mathe\OneDrive\Documentos\sts-4.16.1.RELEASE\plugins\org.eclipse.justj.openjdk.hotspot.jre.full.win32.x86_64_17.0.4.v20221004-1257\jre\bin;C:/Users/mathe/OneDrive/Documentos/sts-4.16.1.RELEASE//plugins/org.eclipse.justj.openjdk.hotspot.jre.full.win32.x86_64_17.0.4.v20221004-1257/jre/bin/server;C:/Users/mathe/OneDrive/Documentos/sts-4.16.1.RELEASE//plugins/org.eclipse.justj.openjdk.hotspot.jre.full.win32.x86_64_17.0.4.v20221004-1257/jre/bin;C:\Program Files\Common Files\Oracle\Java\javapath;C:\Program Files (x86)\Common Files\Oracle\Java\java8path;C:\Program Files (x86)\Common Files\Oracle\Java\javapath;C:\Python312\Scripts\;C:\Python312\;C:\Python311\Scripts\;C:\Python311\;C:\Windows\system32;C:\Windows;C:\Windows\System32\Wbem;C:\Windows\System32\WindowsPowerShell\v1.0\;C:\Windows\System32\OpenSSH\;C:\Program Files\NVIDIA Corporation\NVIDIA NvDLISR;C:\Program Files (x86)\NVIDIA Corporation\PhysX\Common;C:\Program Files\MongoDB\Server\6.0\bin;C:\Program Files\dotnet\;C:\ProgramData\chocolatey\bin;C:\Program Files\Git\cmd;C:\Program Files\Apache\apache-maven-3.9.9\apache-maven\src\bin;C:\Users\mathe\AppData\Roaming\nvm;C:\Program Files\nodejs;C:\Users\mathe\AppData\Local\Microsoft\WindowsApps;C:\Users\mathe\AppData\Local\Programs\Microsoft VS Code\bin;C:\Users\mathe\AppData\Roaming\npm;C:\Program Files\heroku\bin;C:\Program Files\Apache\apache-maven-3.9.9\bin;C:\Users\mathe\AppData\Roaming\nvm;C:\Program Files\nodejs;C:\Users\mathe\OneDrive\Documentos\sts-4.16.1.RELEASE;
USERNAME=mathe
OS=Windows_NT
PROCESSOR_IDENTIFIER=AMD64 Family 21 Model 2 Stepping 0, AuthenticAMD
TMP=C:\Users\mathe\AppData\Local\Temp
TEMP=C:\Users\mathe\AppData\Local\Temp



---------------  S Y S T E M  ---------------

OS:
 Windows 10 , 64 bit Build 19041 (10.0.19041.5438)
OS uptime: 0 days 1:10 hours

CPU: total 6 (initial active 6) (6 cores per cpu, 1 threads per core) family 21 model 2 stepping 0 microcode 0x0, cx8, cmov, fxsr, mmx, 3dnowpref, sse, sse2, sse3, ssse3, sse4a, sse4.1, sse4.2, popcnt, lzcnt, tsc, tscinvbit, avx, aes, clmul, bmi1, fma, vzeroupper, clflush

Memory: 4k page, system-wide physical 16366M (8279M free)
TotalPageFile size 18798M (AvailPageFile size 9545M)
current process WorkingSet (physical memory assigned to process): 276M, peak: 276M
current process commit charge ("private bytes"): 305M, peak: 362M

vm_info: OpenJDK 64-Bit Server VM (17.0.4.1+1) for windows-amd64 JRE (17.0.4.1+1), built on Aug 17 2022 07:42:43 by "temurin" with MS VC++ 16.7 (VS2019)

END.
